# JRE version: OpenJDK Runtime Environment (8.0_242-b01) (build 1.8.0_242-release-1644-b01)
# Java VM: OpenJDK 64-Bit Server VM (25.242-b01 mixed mode windows-amd64 compressed oops)
Heap:
 PSYoungGen      total 407552K, used 297036K [0x00000000d5580000, 0x00000000f9880000, 0x0000000100000000)
  eden space 331776K, 66% used [0x00000000d5580000,0x00000000e2d973b0,0x00000000e9980000)
  from space 75776K, 99% used [0x00000000e9980000,0x00000000ee37bed0,0x00000000ee380000)
  to   space 102400K, 0% used [0x00000000f3480000,0x00000000f3480000,0x00000000f9880000)
 ParOldGen       total 367616K, used 141176K [0x0000000080000000, 0x0000000096700000, 0x00000000d5580000)
  object space 367616K, 38% used [0x0000000080000000,0x00000000889de298,0x0000000096700000)
 Metaspace       used 104789K, capacity 110664K, committed 111000K, reserved 1144832K
  class space    used 13771K, capacity 14892K, committed 15000K, reserved 1048576K
GC Heap History (10 events):
Event: 352.332 GC heap before
{Heap before GC invocations=17 (full 3):
 PSYoungGen      total 292352K, used 108294K [0x00000000d5580000, 0x00000000eaf00000, 0x0000000100000000)
  eden space 251392K, 26% used [0x00000000d5580000,0x00000000d9746e98,0x00000000e4b00000)
  from space 40960K, 99% used [0x00000000e7200000,0x00000000e99faa28,0x00000000e9a00000)
  to   space 21504K, 0% used [0x00000000e9a00000,0x00000000e9a00000,0x00000000eaf00000)
 ParOldGen       total 239104K, used 74108K [0x0000000080000000, 0x000000008e980000, 0x00000000d5580000)
  object space 239104K, 30% used [0x0000000080000000,0x000000008485f0b8,0x000000008e980000)
 Metaspace       used 93118K, capacity 98474K, committed 98600K, reserved 1134592K
  class space    used 12431K, capacity 13396K, committed 13464K, reserved 1048576K
Event: 352.348 GC heap after
Heap after GC invocations=17 (full 3):
 PSYoungGen      total 295936K, used 21496K [0x00000000d5580000, 0x00000000eeb00000, 0x0000000100000000)
  eden space 274432K, 0% used [0x00000000d5580000,0x00000000d5580000,0x00000000e6180000)
  from space 21504K, 99% used [0x00000000e9a00000,0x00000000eaefe1b0,0x00000000eaf00000)
  to   space 57856K, 0% used [0x00000000e6180000,0x00000000e6180000,0x00000000e9a00000)
 ParOldGen       total 239104K, used 100806K [0x0000000080000000, 0x000000008e980000, 0x00000000d5580000)
  object space 239104K, 42% used [0x0000000080000000,0x00000000862719b0,0x000000008e980000)
 Metaspace       used 93118K, capacity 98474K, committed 98600K, reserved 1134592K
  class space    used 12431K, capacity 13396K, committed 13464K, reserved 1048576K
}
Event: 352.348 GC heap before
{Heap before GC invocations=18 (full 4):
 PSYoungGen      total 295936K, used 21496K [0x00000000d5580000, 0x00000000eeb00000, 0x0000000100000000)
  eden space 274432K, 0% used [0x00000000d5580000,0x00000000d5580000,0x00000000e6180000)
  from space 21504K, 99% used [0x00000000e9a00000,0x00000000eaefe1b0,0x00000000eaf00000)
  to   space 57856K, 0% used [0x00000000e6180000,0x00000000e6180000,0x00000000e9a00000)
 ParOldGen       total 239104K, used 100806K [0x0000000080000000, 0x000000008e980000, 0x00000000d5580000)
  object space 239104K, 42% used [0x0000000080000000,0x00000000862719b0,0x000000008e980000)
 Metaspace       used 93118K, capacity 98474K, committed 98600K, reserved 1134592K
  class space    used 12431K, capacity 13396K, committed 13464K, reserved 1048576K
Event: 352.473 GC heap after
Heap after GC invocations=18 (full 4):
 PSYoungGen      total 295936K, used 0K [0x00000000d5580000, 0x00000000eeb00000, 0x0000000100000000)
  eden space 274432K, 0% used [0x00000000d5580000,0x00000000d5580000,0x00000000e6180000)
  from space 21504K, 0% used [0x00000000e9a00000,0x00000000e9a00000,0x00000000eaf00000)
  to   space 57856K, 0% used [0x00000000e6180000,0x00000000e6180000,0x00000000e9a00000)
 ParOldGen       total 367616K, used 79340K [0x0000000080000000, 0x0000000096700000, 0x00000000d5580000)
  object space 367616K, 21% used [0x0000000080000000,0x0000000084d7b018,0x0000000096700000)
 Metaspace       used 92542K, capacity 96782K, committed 98600K, reserved 1134592K
  class space    used 12246K, capacity 13076K, committed 13464K, reserved 1048576K
}
Event: 354.320 GC heap before
{Heap before GC invocations=19 (full 4):
 PSYoungGen      total 295936K, used 274388K [0x00000000d5580000, 0x00000000eeb00000, 0x0000000100000000)
  eden space 274432K, 99% used [0x00000000d5580000,0x00000000e61752f0,0x00000000e6180000)
  from space 21504K, 0% used [0x00000000e9a00000,0x00000000e9a00000,0x00000000eaf00000)
  to   space 57856K, 0% used [0x00000000e6180000,0x00000000e6180000,0x00000000e9a00000)
 ParOldGen       total 367616K, used 79340K [0x0000000080000000, 0x0000000096700000, 0x00000000d5580000)
  object space 367616K, 21% used [0x0000000080000000,0x0000000084d7b018,0x0000000096700000)
 Metaspace       used 95471K, capacity 100512K, committed 101016K, reserved 1136640K
  class space    used 12730K, capacity 13663K, committed 13720K, reserved 1048576K
Event: 354.352 GC heap after
Heap after GC invocations=19 (full 4):
 PSYoungGen      total 332288K, used 57825K [0x00000000d5580000, 0x00000000f3780000, 0x0000000100000000)
  eden space 274432K, 0% used [0x00000000d5580000,0x00000000d5580000,0x00000000e6180000)
  from space 57856K, 99% used [0x00000000e6180000,0x00000000e99f86b8,0x00000000e9a00000)
  to   space 75264K, 0% used [0x00000000eee00000,0x00000000eee00000,0x00000000f3780000)
 ParOldGen       total 367616K, used 101463K [0x0000000080000000, 0x0000000096700000, 0x00000000d5580000)
  object space 367616K, 27% used [0x0000000080000000,0x0000000086315d88,0x0000000096700000)
 Metaspace       used 95471K, capacity 100512K, committed 101016K, reserved 1136640K
  class space    used 12730K, capacity 13663K, committed 13720K, reserved 1048576K
}
Event: 1158.825 GC heap before
{Heap before GC invocations=20 (full 4):
 PSYoungGen      total 332288K, used 332257K [0x00000000d5580000, 0x00000000f3780000, 0x0000000100000000)
  eden space 274432K, 100% used [0x00000000d5580000,0x00000000e6180000,0x00000000e6180000)
  from space 57856K, 99% used [0x00000000e6180000,0x00000000e99f86b8,0x00000000e9a00000)
  to   space 75264K, 0% used [0x00000000eee00000,0x00000000eee00000,0x00000000f3780000)
 ParOldGen       total 367616K, used 101463K [0x0000000080000000, 0x0000000096700000, 0x00000000d5580000)
  object space 367616K, 27% used [0x0000000080000000,0x0000000086315d88,0x0000000096700000)
 Metaspace       used 96084K, capacity 101172K, committed 101528K, reserved 1136640K
  class space    used 12745K, capacity 13685K, committed 13720K, reserved 1048576K
Event: 1158.849 GC heap after
Heap after GC invocations=20 (full 4):
 PSYoungGen      total 396800K, used 44085K [0x00000000d5580000, 0x00000000f2d80000, 0x0000000100000000)
  eden space 331776K, 0% used [0x00000000d5580000,0x00000000d5580000,0x00000000e9980000)
  from space 65024K, 67% used [0x00000000eee00000,0x00000000f190d5e8,0x00000000f2d80000)
  to   space 75776K, 0% used [0x00000000e9980000,0x00000000e9980000,0x00000000ee380000)
 ParOldGen       total 367616K, used 101471K [0x0000000080000000, 0x0000000096700000, 0x00000000d5580000)
  object space 367616K, 27% used [0x0000000080000000,0x0000000086317d88,0x0000000096700000)
 Metaspace       used 96084K, capacity 101172K, committed 101528K, reserved 1136640K
  class space    used 12745K, capacity 13685K, committed 13720K, reserved 1048576K
}
Event: 1161.141 GC heap before
{Heap before GC invocations=21 (full 4):
 PSYoungGen      total 396800K, used 375861K [0x00000000d5580000, 0x00000000f2d80000, 0x0000000100000000)
  eden space 331776K, 100% used [0x00000000d5580000,0x00000000e9980000,0x00000000e9980000)
  from space 65024K, 67% used [0x00000000eee00000,0x00000000f190d5e8,0x00000000f2d80000)
  to   space 75776K, 0% used [0x00000000e9980000,0x00000000e9980000,0x00000000ee380000)
 ParOldGen       total 367616K, used 101471K [0x0000000080000000, 0x0000000096700000, 0x00000000d5580000)
  object space 367616K, 27% used [0x0000000080000000,0x0000000086317d88,0x0000000096700000)
 Metaspace       used 96262K, capacity 101498K, committed 101784K, reserved 1136640K
  class space    used 12751K, capacity 13694K, committed 13720K, reserved 1048576K
Event: 1161.192 GC heap after
Heap after GC invocations=21 (full 4):
 PSYoungGen      total 407552K, used 75759K [0x00000000d5580000, 0x00000000f9880000, 0x0000000100000000)
  eden space 331776K, 0% used [0x00000000d5580000,0x00000000d5580000,0x00000000e9980000)
  from space 75776K, 99% used [0x00000000e9980000,0x00000000ee37bed0,0x00000000ee380000)
  to   space 102400K, 0% used [0x00000000f3480000,0x00000000f3480000,0x00000000f9880000)
 ParOldGen       total 367616K, used 141176K [0x0000000080000000, 0x0000000096700000, 0x00000000d5580000)
  object space 367616K, 38% used [0x0000000080000000,0x00000000889de298,0x0000000096700000)
 Metaspace       used 96262K, capacity 101498K, committed 101784K, reserved 1136640K
  class space    used 12751K, capacity 13694K, committed 13720K, reserved 1048576K
}

