# JRE version: OpenJDK Runtime Environment (8.0_242-b01) (build 1.8.0_242-release-1644-b01)
# Java VM: OpenJDK 64-Bit Server VM (25.242-b01 mixed mode windows-amd64 compressed oops)
Heap:
 PSYoungGen      total 374784K, used 260181K [0x00000000d5580000, 0x00000000ee580000, 0x0000000100000000)
  eden space 341504K, 76% used [0x00000000d5580000,0x00000000e5395510,0x00000000ea300000)
  from space 33280K, 0% used [0x00000000ec400000,0x00000000ec400000,0x00000000ee480000)
  to   space 33792K, 0% used [0x00000000ea300000,0x00000000ea300000,0x00000000ec400000)
 ParOldGen       total 354816K, used 46535K [0x0000000080000000, 0x0000000095a80000, 0x00000000d5580000)
  object space 354816K, 13% used [0x0000000080000000,0x0000000082d71c30,0x0000000095a80000)
 Metaspace       used 96593K, capacity 101482K, committed 103832K, reserved 1138688K
  class space    used 12797K, capacity 13683K, committed 14248K, reserved 1048576K
GC Heap History (10 events):
Event: 3484.461 GC heap before
{Heap before GC invocations=17 (full 3):
 PSYoungGen      total 345600K, used 176455K [0x00000000d5580000, 0x00000000ed580000, 0x0000000100000000)
  eden space 323584K, 47% used [0x00000000d5580000,0x00000000decc0788,0x00000000e9180000)
  from space 22016K, 97% used [0x00000000e9b80000,0x00000000eb091578,0x00000000eb100000)
  to   space 34816K, 0% used [0x00000000eb380000,0x00000000eb380000,0x00000000ed580000)
 ParOldGen       total 230400K, used 75383K [0x0000000080000000, 0x000000008e100000, 0x00000000d5580000)
  object space 230400K, 32% used [0x0000000080000000,0x000000008499dc70,0x000000008e100000)
 Metaspace       used 92533K, capacity 98466K, committed 98584K, reserved 1134592K
  class space    used 12451K, capacity 13504K, committed 13608K, reserved 1048576K
Event: 3484.473 GC heap after
Heap after GC invocations=17 (full 3):
 PSYoungGen      total 337920K, used 19964K [0x00000000d5580000, 0x00000000ecb80000, 0x0000000100000000)
  eden space 313344K, 0% used [0x00000000d5580000,0x00000000d5580000,0x00000000e8780000)
  from space 24576K, 81% used [0x00000000eb380000,0x00000000ec6ff398,0x00000000ecb80000)
  to   space 34816K, 0% used [0x00000000e8780000,0x00000000e8780000,0x00000000ea980000)
 ParOldGen       total 230400K, used 75391K [0x0000000080000000, 0x000000008e100000, 0x00000000d5580000)
  object space 230400K, 32% used [0x0000000080000000,0x000000008499fc70,0x000000008e100000)
 Metaspace       used 92533K, capacity 98466K, committed 98584K, reserved 1134592K
  class space    used 12451K, capacity 13504K, committed 13608K, reserved 1048576K
}
Event: 3484.473 GC heap before
{Heap before GC invocations=18 (full 4):
 PSYoungGen      total 337920K, used 19964K [0x00000000d5580000, 0x00000000ecb80000, 0x0000000100000000)
  eden space 313344K, 0% used [0x00000000d5580000,0x00000000d5580000,0x00000000e8780000)
  from space 24576K, 81% used [0x00000000eb380000,0x00000000ec6ff398,0x00000000ecb80000)
  to   space 34816K, 0% used [0x00000000e8780000,0x00000000e8780000,0x00000000ea980000)
 ParOldGen       total 230400K, used 75391K [0x0000000080000000, 0x000000008e100000, 0x00000000d5580000)
  object space 230400K, 32% used [0x0000000080000000,0x000000008499fc70,0x000000008e100000)
 Metaspace       used 92533K, capacity 98466K, committed 98584K, reserved 1134592K
  class space    used 12451K, capacity 13504K, committed 13608K, reserved 1048576K
Event: 3484.658 GC heap after
Heap after GC invocations=18 (full 4):
 PSYoungGen      total 337920K, used 0K [0x00000000d5580000, 0x00000000ecb80000, 0x0000000100000000)
  eden space 313344K, 0% used [0x00000000d5580000,0x00000000d5580000,0x00000000e8780000)
  from space 24576K, 0% used [0x00000000eb380000,0x00000000eb380000,0x00000000ecb80000)
  to   space 34816K, 0% used [0x00000000e8780000,0x00000000e8780000,0x00000000ea980000)
 ParOldGen       total 354816K, used 64099K [0x0000000080000000, 0x0000000095a80000, 0x00000000d5580000)
  object space 354816K, 18% used [0x0000000080000000,0x0000000083e98d20,0x0000000095a80000)
 Metaspace       used 91715K, capacity 96366K, committed 98584K, reserved 1134592K
  class space    used 12196K, capacity 13048K, committed 13608K, reserved 1048576K
}
Event: 3650.976 GC heap before
{Heap before GC invocations=19 (full 4):
 PSYoungGen      total 337920K, used 313344K [0x00000000d5580000, 0x00000000ecb80000, 0x0000000100000000)
  eden space 313344K, 100% used [0x00000000d5580000,0x00000000e8780000,0x00000000e8780000)
  from space 24576K, 0% used [0x00000000eb380000,0x00000000eb380000,0x00000000ecb80000)
  to   space 34816K, 0% used [0x00000000e8780000,0x00000000e8780000,0x00000000ea980000)
 ParOldGen       total 354816K, used 64099K [0x0000000080000000, 0x0000000095a80000, 0x00000000d5580000)
  object space 354816K, 18% used [0x0000000080000000,0x0000000083e98d20,0x0000000095a80000)
 Metaspace       used 97017K, capacity 102034K, committed 103832K, reserved 1138688K
  class space    used 12870K, capacity 13787K, committed 14248K, reserved 1048576K
Event: 3650.996 GC heap after
Heap after GC invocations=19 (full 4):
 PSYoungGen      total 348160K, used 16832K [0x00000000d5580000, 0x00000000ee480000, 0x0000000100000000)
  eden space 313344K, 0% used [0x00000000d5580000,0x00000000d5580000,0x00000000e8780000)
  from space 34816K, 48% used [0x00000000e8780000,0x00000000e97f0328,0x00000000ea980000)
  to   space 33280K, 0% used [0x00000000ec400000,0x00000000ec400000,0x00000000ee480000)
 ParOldGen       total 354816K, used 64107K [0x0000000080000000, 0x0000000095a80000, 0x00000000d5580000)
  object space 354816K, 18% used [0x0000000080000000,0x0000000083e9ad20,0x0000000095a80000)
 Metaspace       used 97017K, capacity 102034K, committed 103832K, reserved 1138688K
  class space    used 12870K, capacity 13787K, committed 14248K, reserved 1048576K
}
Event: 7084.660 GC heap before
{Heap before GC invocations=20 (full 4):
 PSYoungGen      total 348160K, used 118235K [0x00000000d5580000, 0x00000000ee480000, 0x0000000100000000)
  eden space 313344K, 32% used [0x00000000d5580000,0x00000000db886a40,0x00000000e8780000)
  from space 34816K, 48% used [0x00000000e8780000,0x00000000e97f0328,0x00000000ea980000)
  to   space 33280K, 0% used [0x00000000ec400000,0x00000000ec400000,0x00000000ee480000)
 ParOldGen       total 354816K, used 64107K [0x0000000080000000, 0x0000000095a80000, 0x00000000d5580000)
  object space 354816K, 18% used [0x0000000080000000,0x0000000083e9ad20,0x0000000095a80000)
 Metaspace       used 97129K, capacity 102266K, committed 103832K, reserved 1138688K
  class space    used 12885K, capacity 13815K, committed 14248K, reserved 1048576K
Event: 7084.695 GC heap after
Heap after GC invocations=20 (full 4):
 PSYoungGen      total 374784K, used 3284K [0x00000000d5580000, 0x00000000ee580000, 0x0000000100000000)
  eden space 341504K, 0% used [0x00000000d5580000,0x00000000d5580000,0x00000000ea300000)
  from space 33280K, 9% used [0x00000000ec400000,0x00000000ec735040,0x00000000ee480000)
  to   space 33792K, 0% used [0x00000000ea300000,0x00000000ea300000,0x00000000ec400000)
 ParOldGen       total 354816K, used 64115K [0x0000000080000000, 0x0000000095a80000, 0x00000000d5580000)
  object space 354816K, 18% used [0x0000000080000000,0x0000000083e9cd20,0x0000000095a80000)
 Metaspace       used 97129K, capacity 102266K, committed 103832K, reserved 1138688K
  class space    used 12885K, capacity 13815K, committed 14248K, reserved 1048576K
}
Event: 7084.695 GC heap before
{Heap before GC invocations=21 (full 5):
 PSYoungGen      total 374784K, used 3284K [0x00000000d5580000, 0x00000000ee580000, 0x0000000100000000)
  eden space 341504K, 0% used [0x00000000d5580000,0x00000000d5580000,0x00000000ea300000)
  from space 33280K, 9% used [0x00000000ec400000,0x00000000ec735040,0x00000000ee480000)
  to   space 33792K, 0% used [0x00000000ea300000,0x00000000ea300000,0x00000000ec400000)
 ParOldGen       total 354816K, used 64115K [0x0000000080000000, 0x0000000095a80000, 0x00000000d5580000)
  object space 354816K, 18% used [0x0000000080000000,0x0000000083e9cd20,0x0000000095a80000)
 Metaspace       used 97129K, capacity 102266K, committed 103832K, reserved 1138688K
  class space    used 12885K, capacity 13815K, committed 14248K, reserved 1048576K
Event: 7084.985 GC heap after
Heap after GC invocations=21 (full 5):
 PSYoungGen      total 374784K, used 0K [0x00000000d5580000, 0x00000000ee580000, 0x0000000100000000)
  eden space 341504K, 0% used [0x00000000d5580000,0x00000000d5580000,0x00000000ea300000)
  from space 33280K, 0% used [0x00000000ec400000,0x00000000ec400000,0x00000000ee480000)
  to   space 33792K, 0% used [0x00000000ea300000,0x00000000ea300000,0x00000000ec400000)
 ParOldGen       total 354816K, used 46535K [0x0000000080000000, 0x0000000095a80000, 0x00000000d5580000)
  object space 354816K, 13% used [0x0000000080000000,0x0000000082d71c30,0x0000000095a80000)
 Metaspace       used 96168K, capacity 100804K, committed 103832K, reserved 1138688K
  class space    used 12727K, capacity 13562K, committed 14248K, reserved 1048576K
}

