# JRE version: OpenJDK Runtime Environment (8.0_242-b01) (build 1.8.0_242-release-1644-b01)
# Java VM: OpenJDK 64-Bit Server VM (25.242-b01 mixed mode windows-amd64 compressed oops)
Heap:
 PSYoungGen      total 202752K, used 44165K [0x00000000d5580000, 0x00000000e2f00000, 0x0000000100000000)
  eden space 193024K, 22% used [0x00000000d5580000,0x00000000d80a1640,0x00000000e1200000)
  from space 9728K, 0% used [0x00000000e2580000,0x00000000e2580000,0x00000000e2f00000)
  to   space 14848K, 0% used [0x00000000e1200000,0x00000000e1200000,0x00000000e2080000)
 ParOldGen       total 163840K, used 15305K [0x0000000080000000, 0x000000008a000000, 0x00000000d5580000)
  object space 163840K, 9% used [0x0000000080000000,0x0000000080ef25b8,0x000000008a000000)
 Metaspace       used 36470K, capacity 37840K, committed 38184K, reserved 1083392K
  class space    used 4992K, capacity 5301K, committed 5416K, reserved 1048576K
GC Heap History (10 events):
Event: 2.137 GC heap before
{Heap before GC invocations=4 (full 0):
 PSYoungGen      total 76288K, used 24267K [0x00000000d5580000, 0x00000000dea80000, 0x0000000100000000)
  eden space 65536K, 20% used [0x00000000d5580000,0x00000000d62b39a8,0x00000000d9580000)
  from space 10752K, 99% used [0x00000000d9580000,0x00000000d9fff390,0x00000000da000000)
  to   space 10752K, 0% used [0x00000000de000000,0x00000000de000000,0x00000000dea80000)
 ParOldGen       total 175104K, used 810K [0x0000000080000000, 0x000000008ab00000, 0x00000000d5580000)
  object space 175104K, 0% used [0x0000000080000000,0x00000000800ca858,0x000000008ab00000)
 Metaspace       used 20622K, capacity 21236K, committed 21296K, reserved 1067008K
  class space    used 2874K, capacity 3080K, committed 3120K, reserved 1048576K
Event: 2.141 GC heap after
Heap after GC invocations=4 (full 0):
 PSYoungGen      total 141824K, used 7721K [0x00000000d5580000, 0x00000000dea80000, 0x0000000100000000)
  eden space 131072K, 0% used [0x00000000d5580000,0x00000000d5580000,0x00000000dd580000)
  from space 10752K, 71% used [0x00000000de000000,0x00000000de78a4a0,0x00000000dea80000)
  to   space 10752K, 0% used [0x00000000dd580000,0x00000000dd580000,0x00000000de000000)
 ParOldGen       total 175104K, used 818K [0x0000000080000000, 0x000000008ab00000, 0x00000000d5580000)
  object space 175104K, 0% used [0x0000000080000000,0x00000000800cc858,0x000000008ab00000)
 Metaspace       used 20622K, capacity 21236K, committed 21296K, reserved 1067008K
  class space    used 2874K, capacity 3080K, committed 3120K, reserved 1048576K
}
Event: 2.141 GC heap before
{Heap before GC invocations=5 (full 1):
 PSYoungGen      total 141824K, used 7721K [0x00000000d5580000, 0x00000000dea80000, 0x0000000100000000)
  eden space 131072K, 0% used [0x00000000d5580000,0x00000000d5580000,0x00000000dd580000)
  from space 10752K, 71% used [0x00000000de000000,0x00000000de78a4a0,0x00000000dea80000)
  to   space 10752K, 0% used [0x00000000dd580000,0x00000000dd580000,0x00000000de000000)
 ParOldGen       total 175104K, used 818K [0x0000000080000000, 0x000000008ab00000, 0x00000000d5580000)
  object space 175104K, 0% used [0x0000000080000000,0x00000000800cc858,0x000000008ab00000)
 Metaspace       used 20622K, capacity 21236K, committed 21296K, reserved 1067008K
  class space    used 2874K, capacity 3080K, committed 3120K, reserved 1048576K
Event: 2.173 GC heap after
Heap after GC invocations=5 (full 1):
 PSYoungGen      total 141824K, used 0K [0x00000000d5580000, 0x00000000dea80000, 0x0000000100000000)
  eden space 131072K, 0% used [0x00000000d5580000,0x00000000d5580000,0x00000000dd580000)
  from space 10752K, 0% used [0x00000000de000000,0x00000000de000000,0x00000000dea80000)
  to   space 10752K, 0% used [0x00000000dd580000,0x00000000dd580000,0x00000000de000000)
 ParOldGen       total 103936K, used 7453K [0x0000000080000000, 0x0000000086580000, 0x00000000d5580000)
  object space 103936K, 7% used [0x0000000080000000,0x00000000807474e8,0x0000000086580000)
 Metaspace       used 20622K, capacity 21236K, committed 21296K, reserved 1067008K
  class space    used 2874K, capacity 3080K, committed 3120K, reserved 1048576K
}
Event: 4.083 GC heap before
{Heap before GC invocations=6 (full 1):
 PSYoungGen      total 141824K, used 131072K [0x00000000d5580000, 0x00000000dea80000, 0x0000000100000000)
  eden space 131072K, 100% used [0x00000000d5580000,0x00000000dd580000,0x00000000dd580000)
  from space 10752K, 0% used [0x00000000de000000,0x00000000de000000,0x00000000dea80000)
  to   space 10752K, 0% used [0x00000000dd580000,0x00000000dd580000,0x00000000de000000)
 ParOldGen       total 103936K, used 7453K [0x0000000080000000, 0x0000000086580000, 0x00000000d5580000)
  object space 103936K, 7% used [0x0000000080000000,0x00000000807474e8,0x0000000086580000)
 Metaspace       used 32761K, capacity 33814K, committed 33968K, reserved 1079296K
  class space    used 4445K, capacity 4691K, committed 4784K, reserved 1048576K
Event: 4.094 GC heap after
Heap after GC invocations=6 (full 1):
 PSYoungGen      total 141824K, used 10727K [0x00000000d5580000, 0x00000000e3500000, 0x0000000100000000)
  eden space 131072K, 0% used [0x00000000d5580000,0x00000000d5580000,0x00000000dd580000)
  from space 10752K, 99% used [0x00000000dd580000,0x00000000ddff9e00,0x00000000de000000)
  to   space 15872K, 0% used [0x00000000e2580000,0x00000000e2580000,0x00000000e3500000)
 ParOldGen       total 103936K, used 11289K [0x0000000080000000, 0x0000000086580000, 0x00000000d5580000)
  object space 103936K, 10% used [0x0000000080000000,0x0000000080b06578,0x0000000086580000)
 Metaspace       used 32761K, capacity 33814K, committed 33968K, reserved 1079296K
  class space    used 4445K, capacity 4691K, committed 4784K, reserved 1048576K
}
Event: 4.762 GC heap before
{Heap before GC invocations=7 (full 1):
 PSYoungGen      total 141824K, used 45812K [0x00000000d5580000, 0x00000000e3500000, 0x0000000100000000)
  eden space 131072K, 26% used [0x00000000d5580000,0x00000000d77c32f0,0x00000000dd580000)
  from space 10752K, 99% used [0x00000000dd580000,0x00000000ddff9e00,0x00000000de000000)
  to   space 15872K, 0% used [0x00000000e2580000,0x00000000e2580000,0x00000000e3500000)
 ParOldGen       total 103936K, used 11289K [0x0000000080000000, 0x0000000086580000, 0x00000000d5580000)
  object space 103936K, 10% used [0x0000000080000000,0x0000000080b06578,0x0000000086580000)
 Metaspace       used 34321K, capacity 35424K, committed 35496K, reserved 1079296K
  class space    used 4706K, capacity 5005K, committed 5032K, reserved 1048576K
Event: 4.767 GC heap after
Heap after GC invocations=7 (full 1):
 PSYoungGen      total 202752K, used 9083K [0x00000000d5580000, 0x00000000e2f00000, 0x0000000100000000)
  eden space 193024K, 0% used [0x00000000d5580000,0x00000000d5580000,0x00000000e1200000)
  from space 9728K, 93% used [0x00000000e2580000,0x00000000e2e5ed38,0x00000000e2f00000)
  to   space 14848K, 0% used [0x00000000e1200000,0x00000000e1200000,0x00000000e2080000)
 ParOldGen       total 103936K, used 11297K [0x0000000080000000, 0x0000000086580000, 0x00000000d5580000)
  object space 103936K, 10% used [0x0000000080000000,0x0000000080b08578,0x0000000086580000)
 Metaspace       used 34321K, capacity 35424K, committed 35496K, reserved 1079296K
  class space    used 4706K, capacity 5005K, committed 5032K, reserved 1048576K
}
Event: 4.767 GC heap before
{Heap before GC invocations=8 (full 2):
 PSYoungGen      total 202752K, used 9083K [0x00000000d5580000, 0x00000000e2f00000, 0x0000000100000000)
  eden space 193024K, 0% used [0x00000000d5580000,0x00000000d5580000,0x00000000e1200000)
  from space 9728K, 93% used [0x00000000e2580000,0x00000000e2e5ed38,0x00000000e2f00000)
  to   space 14848K, 0% used [0x00000000e1200000,0x00000000e1200000,0x00000000e2080000)
 ParOldGen       total 103936K, used 11297K [0x0000000080000000, 0x0000000086580000, 0x00000000d5580000)
  object space 103936K, 10% used [0x0000000080000000,0x0000000080b08578,0x0000000086580000)
 Metaspace       used 34321K, capacity 35424K, committed 35496K, reserved 1079296K
  class space    used 4706K, capacity 5005K, committed 5032K, reserved 1048576K
Event: 4.801 GC heap after
Heap after GC invocations=8 (full 2):
 PSYoungGen      total 202752K, used 0K [0x00000000d5580000, 0x00000000e2f00000, 0x0000000100000000)
  eden space 193024K, 0% used [0x00000000d5580000,0x00000000d5580000,0x00000000e1200000)
  from space 9728K, 0% used [0x00000000e2580000,0x00000000e2580000,0x00000000e2f00000)
  to   space 14848K, 0% used [0x00000000e1200000,0x00000000e1200000,0x00000000e2080000)
 ParOldGen       total 163840K, used 15305K [0x0000000080000000, 0x000000008a000000, 0x00000000d5580000)
  object space 163840K, 9% used [0x0000000080000000,0x0000000080ef25b8,0x000000008a000000)
 Metaspace       used 34321K, capacity 35424K, committed 35496K, reserved 1079296K
  class space    used 4706K, capacity 5005K, committed 5032K, reserved 1048576K
}

