# JRE version: OpenJDK Runtime Environment (8.0_242-b01) (build 1.8.0_242-release-1644-b01)
# Java VM: OpenJDK 64-Bit Server VM (25.242-b01 mixed mode windows-amd64 compressed oops)
Heap:
 PSYoungGen      total 304128K, used 198028K [0x00000000d5580000, 0x00000000eb300000, 0x0000000100000000)
  eden space 264192K, 59% used [0x00000000d5580000,0x00000000defe5be8,0x00000000e5780000)
  from space 39936K, 99% used [0x00000000e5780000,0x00000000e7e7d810,0x00000000e7e80000)
  to   space 45056K, 0% used [0x00000000e8700000,0x00000000e8700000,0x00000000eb300000)
 ParOldGen       total 376832K, used 52379K [0x0000000080000000, 0x0000000097000000, 0x00000000d5580000)
  object space 376832K, 13% used [0x0000000080000000,0x0000000083326dc8,0x0000000097000000)
 Metaspace       used 106041K, capacity 113529K, committed 113688K, reserved 1148928K
  class space    used 13710K, capacity 15087K, committed 15144K, reserved 1048576K
GC Heap History (10 events):
Event: 3383.792 GC heap before
{Heap before GC invocations=21 (full 3):
 PSYoungGen      total 300544K, used 300511K [0x00000000d5580000, 0x00000000eb980000, 0x0000000100000000)
  eden space 279552K, 100% used [0x00000000d5580000,0x00000000e6680000,0x00000000e6680000)
  from space 20992K, 99% used [0x00000000e7180000,0x00000000e85f7d38,0x00000000e8600000)
  to   space 42496K, 0% used [0x00000000e9000000,0x00000000e9000000,0x00000000eb980000)
 ParOldGen       total 240128K, used 85973K [0x0000000080000000, 0x000000008ea80000, 0x00000000d5580000)
  object space 240128K, 35% used [0x0000000080000000,0x00000000853f5658,0x000000008ea80000)
 Metaspace       used 88945K, capacity 95182K, committed 95512K, reserved 1132544K
  class space    used 11439K, capacity 12497K, committed 12584K, reserved 1048576K
Event: 3383.818 GC heap after
Heap after GC invocations=21 (full 3):
 PSYoungGen      total 302592K, used 22697K [0x00000000d5580000, 0x00000000eae80000, 0x0000000100000000)
  eden space 271360K, 0% used [0x00000000d5580000,0x00000000d5580000,0x00000000e5e80000)
  from space 31232K, 72% used [0x00000000e9000000,0x00000000ea62a790,0x00000000eae80000)
  to   space 40960K, 0% used [0x00000000e5e80000,0x00000000e5e80000,0x00000000e8680000)
 ParOldGen       total 240128K, used 85981K [0x0000000080000000, 0x000000008ea80000, 0x00000000d5580000)
  object space 240128K, 35% used [0x0000000080000000,0x00000000853f7658,0x000000008ea80000)
 Metaspace       used 88945K, capacity 95182K, committed 95512K, reserved 1132544K
  class space    used 11439K, capacity 12497K, committed 12584K, reserved 1048576K
}
Event: 3397.668 GC heap before
{Heap before GC invocations=22 (full 3):
 PSYoungGen      total 302592K, used 135352K [0x00000000d5580000, 0x00000000eae80000, 0x0000000100000000)
  eden space 271360K, 41% used [0x00000000d5580000,0x00000000dc383a10,0x00000000e5e80000)
  from space 31232K, 72% used [0x00000000e9000000,0x00000000ea62a790,0x00000000eae80000)
  to   space 40960K, 0% used [0x00000000e5e80000,0x00000000e5e80000,0x00000000e8680000)
 ParOldGen       total 240128K, used 85981K [0x0000000080000000, 0x000000008ea80000, 0x00000000d5580000)
  object space 240128K, 35% used [0x0000000080000000,0x00000000853f7658,0x000000008ea80000)
 Metaspace       used 92305K, capacity 98569K, committed 98600K, reserved 1134592K
  class space    used 11918K, capacity 12968K, committed 12968K, reserved 1048576K
Event: 3397.680 GC heap after
Heap after GC invocations=22 (full 3):
 PSYoungGen      total 290304K, used 26363K [0x00000000d5580000, 0x00000000ea600000, 0x0000000100000000)
  eden space 263680K, 0% used [0x00000000d5580000,0x00000000d5580000,0x00000000e5700000)
  from space 26624K, 99% used [0x00000000e5e80000,0x00000000e783ec28,0x00000000e7880000)
  to   space 40448K, 0% used [0x00000000e7e80000,0x00000000e7e80000,0x00000000ea600000)
 ParOldGen       total 240128K, used 85989K [0x0000000080000000, 0x000000008ea80000, 0x00000000d5580000)
  object space 240128K, 35% used [0x0000000080000000,0x00000000853f9658,0x000000008ea80000)
 Metaspace       used 92305K, capacity 98569K, committed 98600K, reserved 1134592K
  class space    used 11918K, capacity 12968K, committed 12968K, reserved 1048576K
}
Event: 3397.680 GC heap before
{Heap before GC invocations=23 (full 4):
 PSYoungGen      total 290304K, used 26363K [0x00000000d5580000, 0x00000000ea600000, 0x0000000100000000)
  eden space 263680K, 0% used [0x00000000d5580000,0x00000000d5580000,0x00000000e5700000)
  from space 26624K, 99% used [0x00000000e5e80000,0x00000000e783ec28,0x00000000e7880000)
  to   space 40448K, 0% used [0x00000000e7e80000,0x00000000e7e80000,0x00000000ea600000)
 ParOldGen       total 240128K, used 85989K [0x0000000080000000, 0x000000008ea80000, 0x00000000d5580000)
  object space 240128K, 35% used [0x0000000080000000,0x00000000853f9658,0x000000008ea80000)
 Metaspace       used 92305K, capacity 98569K, committed 98600K, reserved 1134592K
  class space    used 11918K, capacity 12968K, committed 12968K, reserved 1048576K
Event: 3397.899 GC heap after
Heap after GC invocations=23 (full 4):
 PSYoungGen      total 290304K, used 0K [0x00000000d5580000, 0x00000000ea600000, 0x0000000100000000)
  eden space 263680K, 0% used [0x00000000d5580000,0x00000000d5580000,0x00000000e5700000)
  from space 26624K, 0% used [0x00000000e5e80000,0x00000000e5e80000,0x00000000e7880000)
  to   space 40448K, 0% used [0x00000000e7e80000,0x00000000e7e80000,0x00000000ea600000)
 ParOldGen       total 376832K, used 51407K [0x0000000080000000, 0x0000000097000000, 0x00000000d5580000)
  object space 376832K, 13% used [0x0000000080000000,0x0000000083233c88,0x0000000097000000)
 Metaspace       used 91352K, capacity 95907K, committed 98600K, reserved 1134592K
  class space    used 11649K, capacity 12487K, committed 12968K, reserved 1048576K
}
Event: 3453.880 GC heap before
{Heap before GC invocations=24 (full 4):
 PSYoungGen      total 290304K, used 263680K [0x00000000d5580000, 0x00000000ea600000, 0x0000000100000000)
  eden space 263680K, 100% used [0x00000000d5580000,0x00000000e5700000,0x00000000e5700000)
  from space 26624K, 0% used [0x00000000e5e80000,0x00000000e5e80000,0x00000000e7880000)
  to   space 40448K, 0% used [0x00000000e7e80000,0x00000000e7e80000,0x00000000ea600000)
 ParOldGen       total 376832K, used 51407K [0x0000000080000000, 0x0000000097000000, 0x00000000d5580000)
  object space 376832K, 13% used [0x0000000080000000,0x0000000083233c88,0x0000000097000000)
 Metaspace       used 103262K, capacity 109629K, committed 109848K, reserved 1144832K
  class space    used 13373K, capacity 14546K, committed 14632K, reserved 1048576K
Event: 3453.892 GC heap after
Heap after GC invocations=24 (full 4):
 PSYoungGen      total 304640K, used 25072K [0x00000000d5580000, 0x00000000ea980000, 0x0000000100000000)
  eden space 264192K, 0% used [0x00000000d5580000,0x00000000d5580000,0x00000000e5780000)
  from space 40448K, 61% used [0x00000000e7e80000,0x00000000e96fc330,0x00000000ea600000)
  to   space 39936K, 0% used [0x00000000e5780000,0x00000000e5780000,0x00000000e7e80000)
 ParOldGen       total 376832K, used 51415K [0x0000000080000000, 0x0000000097000000, 0x00000000d5580000)
  object space 376832K, 13% used [0x0000000080000000,0x0000000083235c88,0x0000000097000000)
 Metaspace       used 103262K, capacity 109629K, committed 109848K, reserved 1144832K
  class space    used 13373K, capacity 14546K, committed 14632K, reserved 1048576K
}
Event: 3587.821 GC heap before
{Heap before GC invocations=25 (full 4):
 PSYoungGen      total 304640K, used 289264K [0x00000000d5580000, 0x00000000ea980000, 0x0000000100000000)
  eden space 264192K, 100% used [0x00000000d5580000,0x00000000e5780000,0x00000000e5780000)
  from space 40448K, 61% used [0x00000000e7e80000,0x00000000e96fc330,0x00000000ea600000)
  to   space 39936K, 0% used [0x00000000e5780000,0x00000000e5780000,0x00000000e7e80000)
 ParOldGen       total 376832K, used 51415K [0x0000000080000000, 0x0000000097000000, 0x00000000d5580000)
  object space 376832K, 13% used [0x0000000080000000,0x0000000083235c88,0x0000000097000000)
 Metaspace       used 105075K, capacity 112339K, committed 112536K, reserved 1146880K
  class space    used 13612K, capacity 14929K, committed 15016K, reserved 1048576K
Event: 3587.835 GC heap after
Heap after GC invocations=25 (full 4):
 PSYoungGen      total 304128K, used 39926K [0x00000000d5580000, 0x00000000eb300000, 0x0000000100000000)
  eden space 264192K, 0% used [0x00000000d5580000,0x00000000d5580000,0x00000000e5780000)
  from space 39936K, 99% used [0x00000000e5780000,0x00000000e7e7d810,0x00000000e7e80000)
  to   space 45056K, 0% used [0x00000000e8700000,0x00000000e8700000,0x00000000eb300000)
 ParOldGen       total 376832K, used 52379K [0x0000000080000000, 0x0000000097000000, 0x00000000d5580000)
  object space 376832K, 13% used [0x0000000080000000,0x0000000083326dc8,0x0000000097000000)
 Metaspace       used 105075K, capacity 112339K, committed 112536K, reserved 1146880K
  class space    used 13612K, capacity 14929K, committed 15016K, reserved 1048576K
}

